Repository root: /home/runner/work/RPL4/RPL4
Build dir: build_test
Build type: Release
Parallel jobs: 4
Build examples: OFF
RPL4_LOG_LEVEL: OFF
-- The C compiler identification is GNU 13.3.0
-- The CXX compiler identification is GNU 13.3.0
-- Detecting C compiler ABI info
-- Detecting C compiler ABI info - done
-- Check for working C compiler: /usr/bin/cc - skipped
-- Detecting C compile features
-- Detecting C compile features - done
-- Detecting CXX compiler ABI info
-- Detecting CXX compiler ABI info - done
-- Check for working CXX compiler: /usr/bin/c++ - skipped
-- Detecting CXX compile features
-- Detecting CXX compile features - done
[RPL4] RPL4_LOG_LEBVEL=OFF. RPL4 will not output any logs.
-- Configuring done (1.8s)
-- Generating done (0.0s)
-- Build files have been written to: /home/runner/work/RPL4/RPL4/build_test
Starting build...
[ 10%] Building CXX object CMakeFiles/rpl4.dir/src/peripheral/aux_spi.cpp.o
[ 20%] Building CXX object CMakeFiles/rpl4.dir/src/peripheral/dma.cpp.o
[ 30%] Building CXX object CMakeFiles/rpl4.dir/src/peripheral/gpio.cpp.o
[ 40%] Building CXX object CMakeFiles/rpl4.dir/src/peripheral/pwm.cpp.o
[ 50%] Building CXX object CMakeFiles/rpl4.dir/src/peripheral/spi.cpp.o
[ 60%] Building CXX object CMakeFiles/rpl4.dir/src/system/clock.cpp.o
[ 70%] Building CXX object CMakeFiles/rpl4.dir/src/system/dma_memory.cpp.o
[ 80%] Building CXX object CMakeFiles/rpl4.dir/src/system/log.cpp.o
[ 90%] Building CXX object CMakeFiles/rpl4.dir/src/system/system.cpp.o
[100%] Linking CXX static library librpl4.a
[100%] Built target rpl4
Build finished. Artifacts are in: /home/runner/work/RPL4/RPL4/build_test
