Repository root: /home/runner/work/RPL4/RPL4
Build dir: build_test
Build type: Release
Parallel jobs: 4
Build examples: OFF
RPL4_LOG_LEVEL: OFF
-- The C compiler identification is Clang 18.1.3
-- The CXX compiler identification is Clang 18.1.3
-- Detecting C compiler ABI info
-- Detecting C compiler ABI info - done
-- Check for working C compiler: /usr/bin/clang - skipped
-- Detecting C compile features
-- Detecting C compile features - done
-- Detecting CXX compiler ABI info
-- Detecting CXX compiler ABI info - done
-- Check for working CXX compiler: /usr/bin/clang++ - skipped
-- Detecting CXX compile features
-- Detecting CXX compile features - done
[RPL4] RPL4_LOG_LEBVEL=OFF. RPL4 will not output any logs.
-- Configuring done (2.2s)
-- Generating done (0.0s)
-- Build files have been written to: /home/runner/work/RPL4/RPL4/build_test
Starting build...
[ 10%] Building CXX object CMakeFiles/rpl4.dir/src/peripheral/aux_spi.cpp.o
[ 20%] Building CXX object CMakeFiles/rpl4.dir/src/peripheral/dma.cpp.o
[ 30%] Building CXX object CMakeFiles/rpl4.dir/src/peripheral/gpio.cpp.o
[ 40%] Building CXX object CMakeFiles/rpl4.dir/src/peripheral/pwm.cpp.o
/home/runner/work/RPL4/RPL4/src/peripheral/dma.cpp:180:34: warning: unknown warning group '-Wclass-memaccess', ignored [-Wunknown-warning-option]
  180 |   #pragma GCC diagnostic ignored "-Wclass-memaccess"
      |                                  ^
/home/runner/work/RPL4/RPL4/src/peripheral/dma.cpp:208:34: warning: unknown warning group '-Wclass-memaccess', ignored [-Wunknown-warning-option]
  208 |   #pragma GCC diagnostic ignored "-Wclass-memaccess"
      |                                  ^
/home/runner/work/RPL4/RPL4/src/peripheral/dma.cpp:237:34: warning: unknown warning group '-Wclass-memaccess', ignored [-Wunknown-warning-option]
  237 |   #pragma GCC diagnostic ignored "-Wclass-memaccess"
      |                                  ^
In file included from /home/runner/work/RPL4/RPL4/src/peripheral/aux_spi.cpp:1:
In file included from /home/runner/work/RPL4/RPL4/include/rpl4/peripheral/aux_spi.hpp:5:
In file included from /usr/bin/../lib/gcc/x86_64-linux-gnu/14/../../../../include/c++/14/memory:80:
In file included from /usr/bin/../lib/gcc/x86_64-linux-gnu/14/../../../../include/c++/14/bits/shared_ptr.h:53:
/usr/bin/../lib/gcc/x86_64-linux-gnu/14/../../../../include/c++/14/bits/shared_ptr_base.h:919:8: warning: delete called on non-final 'rpl::AuxSpi' that has virtual functions but non-virtual destructor [-Wdelete-non-abstract-non-virtual-dtor]
  919 |               delete __p;
      |               ^
/usr/bin/../lib/gcc/x86_64-linux-gnu/14/../../../../include/c++/14/bits/shared_ptr_base.h:926:4: note: in instantiation of function template specialization 'std::__shared_count<>::__shared_count<rpl::AuxSpi *>' requested here
  926 |         : __shared_count(__p)
      |           ^
/usr/bin/../lib/gcc/x86_64-linux-gnu/14/../../../../include/c++/14/bits/shared_ptr_base.h:1470:17: note: in instantiation of function template specialization 'std::__shared_count<>::__shared_count<rpl::AuxSpi *>' requested here
 1470 |         : _M_ptr(__p), _M_refcount(__p, typename is_array<_Tp>::type())
      |                        ^
/usr/bin/../lib/gcc/x86_64-linux-gnu/14/../../../../include/c++/14/bits/shared_ptr.h:213:25: note: in instantiation of function template specialization 'std::__shared_ptr<rpl::AuxSpi>::__shared_ptr<rpl::AuxSpi, void>' requested here
  213 |         shared_ptr(_Yp* __p) : __shared_ptr<_Tp>(__p) { }
      |                                ^
/home/runner/work/RPL4/RPL4/src/peripheral/aux_spi.cpp:21:13: note: in instantiation of function template specialization 'std::shared_ptr<rpl::AuxSpi>::shared_ptr<rpl::AuxSpi, void>' requested here
   21 |             std::shared_ptr<AuxSpi>(new AuxSpi(REG_SPI1));
      |             ^
In file included from /home/runner/work/RPL4/RPL4/src/peripheral/aux_spi.cpp:1:
In file included from /home/runner/work/RPL4/RPL4/include/rpl4/peripheral/aux_spi.hpp:5:
In file included from /usr/bin/../lib/gcc/x86_64-linux-gnu/14/../../../../include/c++/14/memory:80:
In file included from /usr/bin/../lib/gcc/x86_64-linux-gnu/14/../../../../include/c++/14/bits/shared_ptr.h:53:
/usr/bin/../lib/gcc/x86_64-linux-gnu/14/../../../../include/c++/14/bits/shared_ptr_base.h:428:9: warning: delete called on non-final 'rpl::AuxSpi' that has virtual functions but non-virtual destructor [-Wdelete-non-abstract-non-virtual-dtor]
  428 |       { delete _M_ptr; }
      |         ^
/usr/bin/../lib/gcc/x86_64-linux-gnu/14/../../../../include/c++/14/bits/shared_ptr_base.h:423:7: note: in instantiation of member function 'std::_Sp_counted_ptr<rpl::AuxSpi *, __gnu_cxx::_S_atomic>::_M_dispose' requested here
  423 |       _Sp_counted_ptr(_Ptr __p) noexcept
      |       ^
/usr/bin/../lib/gcc/x86_64-linux-gnu/14/../../../../include/c++/14/bits/shared_ptr_base.h:915:20: note: in instantiation of member function 'std::_Sp_counted_ptr<rpl::AuxSpi *, __gnu_cxx::_S_atomic>::_Sp_counted_ptr' requested here
  915 |               _M_pi = new _Sp_counted_ptr<_Ptr, _Lp>(__p);
      |                           ^
/usr/bin/../lib/gcc/x86_64-linux-gnu/14/../../../../include/c++/14/bits/shared_ptr_base.h:926:4: note: in instantiation of function template specialization 'std::__shared_count<>::__shared_count<rpl::AuxSpi *>' requested here
  926 |         : __shared_count(__p)
      |           ^
/usr/bin/../lib/gcc/x86_64-linux-gnu/14/../../../../include/c++/14/bits/shared_ptr_base.h:1470:17: note: in instantiation of function template specialization 'std::__shared_count<>::__shared_count<rpl::AuxSpi *>' requested here
 1470 |         : _M_ptr(__p), _M_refcount(__p, typename is_array<_Tp>::type())
      |                        ^
/usr/bin/../lib/gcc/x86_64-linux-gnu/14/../../../../include/c++/14/bits/shared_ptr.h:213:25: note: in instantiation of function template specialization 'std::__shared_ptr<rpl::AuxSpi>::__shared_ptr<rpl::AuxSpi, void>' requested here
  213 |         shared_ptr(_Yp* __p) : __shared_ptr<_Tp>(__p) { }
      |                                ^
/home/runner/work/RPL4/RPL4/src/peripheral/aux_spi.cpp:21:13: note: in instantiation of function template specialization 'std::shared_ptr<rpl::AuxSpi>::shared_ptr<rpl::AuxSpi, void>' requested here
   21 |             std::shared_ptr<AuxSpi>(new AuxSpi(REG_SPI1));
      |             ^
2 warnings generated.
[ 50%] Building CXX object CMakeFiles/rpl4.dir/src/peripheral/spi.cpp.o
3 warnings generated.
[ 60%] Building CXX object CMakeFiles/rpl4.dir/src/system/clock.cpp.o
[ 70%] Building CXX object CMakeFiles/rpl4.dir/src/system/dma_memory.cpp.o
[ 80%] Building CXX object CMakeFiles/rpl4.dir/src/system/log.cpp.o
[ 90%] Building CXX object CMakeFiles/rpl4.dir/src/system/system.cpp.o
/home/runner/work/RPL4/RPL4/src/system/dma_memory.cpp:15:20: warning: unused variable 'kMailboxDevice' [-Wunused-const-variable]
   15 | constexpr uint32_t kMailboxDevice = 0x3F00B880;  // BCM2711 mailbox base
      |                    ^~~~~~~~~~~~~~
/home/runner/work/RPL4/RPL4/src/system/dma_memory.cpp:27:20: warning: unused variable 'kMailboxResponseError' [-Wunused-const-variable]
   27 | constexpr uint32_t kMailboxResponseError = 0x80000001;
      |                    ^~~~~~~~~~~~~~~~~~~~~
In file included from /home/runner/work/RPL4/RPL4/src/peripheral/spi.cpp:1:
In file included from /home/runner/work/RPL4/RPL4/include/rpl4/peripheral/spi.hpp:5:
In file included from /usr/bin/../lib/gcc/x86_64-linux-gnu/14/../../../../include/c++/14/memory:80:
In file included from /usr/bin/../lib/gcc/x86_64-linux-gnu/14/../../../../include/c++/14/bits/shared_ptr.h:53:
/usr/bin/../lib/gcc/x86_64-linux-gnu/14/../../../../include/c++/14/bits/shared_ptr_base.h:919:8: warning: delete called on non-final 'rpl::Spi' that has virtual functions but non-virtual destructor [-Wdelete-non-abstract-non-virtual-dtor]
  919 |               delete __p;
      |               ^
/usr/bin/../lib/gcc/x86_64-linux-gnu/14/../../../../include/c++/14/bits/shared_ptr_base.h:926:4: note: in instantiation of function template specialization 'std::__shared_count<>::__shared_count<rpl::Spi *>' requested here
  926 |         : __shared_count(__p)
      |           ^
/usr/bin/../lib/gcc/x86_64-linux-gnu/14/../../../../include/c++/14/bits/shared_ptr_base.h:1470:17: note: in instantiation of function template specialization 'std::__shared_count<>::__shared_count<rpl::Spi *>' requested here
 1470 |         : _M_ptr(__p), _M_refcount(__p, typename is_array<_Tp>::type())
      |                        ^
/usr/bin/../lib/gcc/x86_64-linux-gnu/14/../../../../include/c++/14/bits/shared_ptr.h:213:25: note: in instantiation of function template specialization 'std::__shared_ptr<rpl::Spi>::__shared_ptr<rpl::Spi, void>' requested here
  213 |         shared_ptr(_Yp* __p) : __shared_ptr<_Tp>(__p) { }
      |                                ^
/home/runner/work/RPL4/RPL4/src/peripheral/spi.cpp:21:13: note: in instantiation of function template specialization 'std::shared_ptr<rpl::Spi>::shared_ptr<rpl::Spi, void>' requested here
   21 |             std::shared_ptr<Spi>(new Spi(REG_SPI0));
      |             ^
In file included from /home/runner/work/RPL4/RPL4/src/peripheral/spi.cpp:1:
In file included from /home/runner/work/RPL4/RPL4/include/rpl4/peripheral/spi.hpp:5:
In file included from /usr/bin/../lib/gcc/x86_64-linux-gnu/14/../../../../include/c++/14/memory:80:
In file included from /usr/bin/../lib/gcc/x86_64-linux-gnu/14/../../../../include/c++/14/bits/shared_ptr.h:53:
/usr/bin/../lib/gcc/x86_64-linux-gnu/14/../../../../include/c++/14/bits/shared_ptr_base.h:428:9: warning: delete called on non-final 'rpl::Spi' that has virtual functions but non-virtual destructor [-Wdelete-non-abstract-non-virtual-dtor]
  428 |       { delete _M_ptr; }
      |         ^
/usr/bin/../lib/gcc/x86_64-linux-gnu/14/../../../../include/c++/14/bits/shared_ptr_base.h:423:7: note: in instantiation of member function 'std::_Sp_counted_ptr<rpl::Spi *, __gnu_cxx::_S_atomic>::_M_dispose' requested here
  423 |       _Sp_counted_ptr(_Ptr __p) noexcept
      |       ^
/usr/bin/../lib/gcc/x86_64-linux-gnu/14/../../../../include/c++/14/bits/shared_ptr_base.h:915:20: note: in instantiation of member function 'std::_Sp_counted_ptr<rpl::Spi *, __gnu_cxx::_S_atomic>::_Sp_counted_ptr' requested here
  915 |               _M_pi = new _Sp_counted_ptr<_Ptr, _Lp>(__p);
      |                           ^
/usr/bin/../lib/gcc/x86_64-linux-gnu/14/../../../../include/c++/14/bits/shared_ptr_base.h:926:4: note: in instantiation of function template specialization 'std::__shared_count<>::__shared_count<rpl::Spi *>' requested here
  926 |         : __shared_count(__p)
      |           ^
/usr/bin/../lib/gcc/x86_64-linux-gnu/14/../../../../include/c++/14/bits/shared_ptr_base.h:1470:17: note: in instantiation of function template specialization 'std::__shared_count<>::__shared_count<rpl::Spi *>' requested here
 1470 |         : _M_ptr(__p), _M_refcount(__p, typename is_array<_Tp>::type())
      |                        ^
/usr/bin/../lib/gcc/x86_64-linux-gnu/14/../../../../include/c++/14/bits/shared_ptr.h:213:25: note: in instantiation of function template specialization 'std::__shared_ptr<rpl::Spi>::__shared_ptr<rpl::Spi, void>' requested here
  213 |         shared_ptr(_Yp* __p) : __shared_ptr<_Tp>(__p) { }
      |                                ^
/home/runner/work/RPL4/RPL4/src/peripheral/spi.cpp:21:13: note: in instantiation of function template specialization 'std::shared_ptr<rpl::Spi>::shared_ptr<rpl::Spi, void>' requested here
   21 |             std::shared_ptr<Spi>(new Spi(REG_SPI0));
      |             ^
2 warnings generated.
2 warnings generated.
[100%] Linking CXX static library librpl4.a
[100%] Built target rpl4
Build finished. Artifacts are in: /home/runner/work/RPL4/RPL4/build_test
